# JRE version: OpenJDK Runtime Environment Temurin-17.0.7+7 (17.0.7+7) (build 17.0.7+7)
# Java VM: OpenJDK 64-Bit Server VM Temurin-17.0.7+7 (17.0.7+7, mixed mode, sharing, tiered, compressed oops, compressed class ptrs, g1 gc, windows-amd64)
GC Precious Log:
 CPUs: 12 total, 12 available
 Memory: 32541M
 Large Page Support: Disabled
 NUMA Support: Disabled
 Compressed Oops: Enabled (Zero based)
 Heap Region Size: 2M
 Heap Min Capacity: 512M
 Heap Initial Capacity: 512M
 Heap Max Capacity: 4072M
 Pre-touch: Disabled
 Parallel Workers: 10
 Concurrent Workers: 3
 Concurrent Refinement Workers: 10
 Periodic GC: Disabled
 String Deduplication is enabled
Heap:
 garbage-first heap   total 524288K, used 158393K [0x0000000701800000, 0x0000000800000000)
  region size 2048K, 34 young (69632K), 2 survivors (4096K)
 Metaspace       used 83207K, committed 83840K, reserved 1179648K
  class space    used 11634K, committed 11904K, reserved 1048576K
GC Heap History (20 events):
Event: 295.395 GC heap before
{Heap before GC invocations=41 (full 2):
 garbage-first heap   total 774144K, used 173465K [0x0000000701800000, 0x0000000800000000)
  region size 2048K, 40 young (81920K), 1 survivors (2048K)
 Metaspace       used 82447K, committed 83072K, reserved 1179648K
  class space    used 11618K, committed 11904K, reserved 1048576K
}
Event: 295.397 GC heap after
{Heap after GC invocations=42 (full 2):
 garbage-first heap   total 774144K, used 93623K [0x0000000701800000, 0x0000000800000000)
  region size 2048K, 1 young (2048K), 1 survivors (2048K)
 Metaspace       used 82447K, committed 83072K, reserved 1179648K
  class space    used 11618K, committed 11904K, reserved 1048576K
}
Event: 295.725 GC heap before
{Heap before GC invocations=42 (full 2):
 garbage-first heap   total 774144K, used 173495K [0x0000000701800000, 0x0000000800000000)
  region size 2048K, 40 young (81920K), 1 survivors (2048K)
 Metaspace       used 82491K, committed 83136K, reserved 1179648K
  class space    used 11624K, committed 11904K, reserved 1048576K
}
Event: 295.727 GC heap after
{Heap after GC invocations=43 (full 2):
 garbage-first heap   total 774144K, used 94233K [0x0000000701800000, 0x0000000800000000)
  region size 2048K, 1 young (2048K), 1 survivors (2048K)
 Metaspace       used 82491K, committed 83136K, reserved 1179648K
  class space    used 11624K, committed 11904K, reserved 1048576K
}
Event: 298.976 GC heap before
{Heap before GC invocations=43 (full 2):
 garbage-first heap   total 774144K, used 131097K [0x0000000701800000, 0x0000000800000000)
  region size 2048K, 20 young (40960K), 1 survivors (2048K)
 Metaspace       used 82501K, committed 83136K, reserved 1179648K
  class space    used 11624K, committed 11904K, reserved 1048576K
}
Event: 299.020 GC heap after
{Heap after GC invocations=44 (full 3):
 garbage-first heap   total 524288K, used 91702K [0x0000000701800000, 0x0000000800000000)
  region size 2048K, 0 young (0K), 0 survivors (0K)
 Metaspace       used 82501K, committed 83136K, reserved 1179648K
  class space    used 11624K, committed 11904K, reserved 1048576K
}
Event: 337.777 GC heap before
{Heap before GC invocations=44 (full 3):
 garbage-first heap   total 524288K, used 173622K [0x0000000701800000, 0x0000000800000000)
  region size 2048K, 40 young (81920K), 0 survivors (0K)
 Metaspace       used 82792K, committed 83392K, reserved 1179648K
  class space    used 11634K, committed 11904K, reserved 1048576K
}
Event: 337.780 GC heap after
{Heap after GC invocations=45 (full 3):
 garbage-first heap   total 524288K, used 93083K [0x0000000701800000, 0x0000000800000000)
  region size 2048K, 1 young (2048K), 1 survivors (2048K)
 Metaspace       used 82792K, committed 83392K, reserved 1179648K
  class space    used 11634K, committed 11904K, reserved 1048576K
}
Event: 339.909 GC heap before
{Heap before GC invocations=45 (full 3):
 garbage-first heap   total 524288K, used 172955K [0x0000000701800000, 0x0000000800000000)
  region size 2048K, 40 young (81920K), 1 survivors (2048K)
 Metaspace       used 82847K, committed 83456K, reserved 1179648K
  class space    used 11634K, committed 11904K, reserved 1048576K
}
Event: 339.911 GC heap after
{Heap after GC invocations=46 (full 3):
 garbage-first heap   total 524288K, used 93519K [0x0000000701800000, 0x0000000800000000)
  region size 2048K, 1 young (2048K), 1 survivors (2048K)
 Metaspace       used 82847K, committed 83456K, reserved 1179648K
  class space    used 11634K, committed 11904K, reserved 1048576K
}
Event: 344.008 GC heap before
{Heap before GC invocations=46 (full 3):
 garbage-first heap   total 524288K, used 173391K [0x0000000701800000, 0x0000000800000000)
  region size 2048K, 40 young (81920K), 1 survivors (2048K)
 Metaspace       used 82912K, committed 83456K, reserved 1179648K
  class space    used 11634K, committed 11904K, reserved 1048576K
}
Event: 344.015 GC heap after
{Heap after GC invocations=47 (full 3):
 garbage-first heap   total 524288K, used 94092K [0x0000000701800000, 0x0000000800000000)
  region size 2048K, 2 young (4096K), 2 survivors (4096K)
 Metaspace       used 82912K, committed 83456K, reserved 1179648K
  class space    used 11634K, committed 11904K, reserved 1048576K
}
Event: 347.749 GC heap before
{Heap before GC invocations=47 (full 3):
 garbage-first heap   total 524288K, used 171916K [0x0000000701800000, 0x0000000800000000)
  region size 2048K, 40 young (81920K), 2 survivors (4096K)
 Metaspace       used 82999K, committed 83584K, reserved 1179648K
  class space    used 11634K, committed 11904K, reserved 1048576K
}
Event: 347.751 GC heap after
{Heap after GC invocations=48 (full 3):
 garbage-first heap   total 524288K, used 94609K [0x0000000701800000, 0x0000000800000000)
  region size 2048K, 2 young (4096K), 2 survivors (4096K)
 Metaspace       used 82999K, committed 83584K, reserved 1179648K
  class space    used 11634K, committed 11904K, reserved 1048576K
}
Event: 357.005 GC heap before
{Heap before GC invocations=48 (full 3):
 garbage-first heap   total 524288K, used 172433K [0x0000000701800000, 0x0000000800000000)
  region size 2048K, 40 young (81920K), 2 survivors (4096K)
 Metaspace       used 83080K, committed 83648K, reserved 1179648K
  class space    used 11634K, committed 11904K, reserved 1048576K
}
Event: 357.008 GC heap after
{Heap after GC invocations=49 (full 3):
 garbage-first heap   total 524288K, used 94566K [0x0000000701800000, 0x0000000800000000)
  region size 2048K, 2 young (4096K), 2 survivors (4096K)
 Metaspace       used 83080K, committed 83648K, reserved 1179648K
  class space    used 11634K, committed 11904K, reserved 1048576K
}
Event: 363.790 GC heap before
{Heap before GC invocations=49 (full 3):
 garbage-first heap   total 524288K, used 172390K [0x0000000701800000, 0x0000000800000000)
  region size 2048K, 40 young (81920K), 2 survivors (4096K)
 Metaspace       used 83135K, committed 83712K, reserved 1179648K
  class space    used 11634K, committed 11904K, reserved 1048576K
}
Event: 363.793 GC heap after
{Heap after GC invocations=50 (full 3):
 garbage-first heap   total 524288K, used 94972K [0x0000000701800000, 0x0000000800000000)
  region size 2048K, 2 young (4096K), 2 survivors (4096K)
 Metaspace       used 83135K, committed 83712K, reserved 1179648K
  class space    used 11634K, committed 11904K, reserved 1048576K
}
Event: 379.836 GC heap before
{Heap before GC invocations=50 (full 3):
 garbage-first heap   total 524288K, used 172796K [0x0000000701800000, 0x0000000800000000)
  region size 2048K, 41 young (83968K), 2 survivors (4096K)
 Metaspace       used 83188K, committed 83776K, reserved 1179648K
  class space    used 11634K, committed 11904K, reserved 1048576K
}
Event: 379.838 GC heap after
{Heap after GC invocations=51 (full 3):
 garbage-first heap   total 524288K, used 94905K [0x0000000701800000, 0x0000000800000000)
  region size 2048K, 2 young (4096K), 2 survivors (4096K)
 Metaspace       used 83188K, committed 83776K, reserved 1179648K
  class space    used 11634K, committed 11904K, reserved 1048576K
}

