# JRE version: OpenJDK Runtime Environment Temurin-17.0.7+7 (17.0.7+7) (build 17.0.7+7)
# Java VM: OpenJDK 64-Bit Server VM Temurin-17.0.7+7 (17.0.7+7, mixed mode, sharing, tiered, compressed oops, compressed class ptrs, g1 gc, windows-amd64)
GC Precious Log:
 CPUs: 12 total, 12 available
 Memory: 32541M
 Large Page Support: Disabled
 NUMA Support: Disabled
 Compressed Oops: Enabled (Zero based)
 Heap Region Size: 2M
 Heap Min Capacity: 512M
 Heap Initial Capacity: 512M
 Heap Max Capacity: 4072M
 Pre-touch: Disabled
 Parallel Workers: 10
 Concurrent Workers: 3
 Concurrent Refinement Workers: 10
 Periodic GC: Disabled
 String Deduplication is enabled
Heap:
 garbage-first heap   total 524288K, used 141223K [0x0000000701800000, 0x0000000800000000)
  region size 2048K, 25 young (51200K), 1 survivors (2048K)
 Metaspace       used 105488K, committed 106560K, reserved 1179648K
  class space    used 15562K, committed 16000K, reserved 1048576K
GC Heap History (20 events):
Event: 6036.652 GC heap before
{Heap before GC invocations=229 (full 10):
 garbage-first heap   total 524288K, used 171747K [0x0000000701800000, 0x0000000800000000)
  region size 2048K, 40 young (81920K), 2 survivors (4096K)
 Metaspace       used 105248K, committed 106496K, reserved 1179648K
  class space    used 15541K, committed 16000K, reserved 1048576K
}
Event: 6036.659 GC heap after
{Heap after GC invocations=230 (full 10):
 garbage-first heap   total 524288K, used 93888K [0x0000000701800000, 0x0000000800000000)
  region size 2048K, 2 young (4096K), 2 survivors (4096K)
 Metaspace       used 105248K, committed 106496K, reserved 1179648K
  class space    used 15541K, committed 16000K, reserved 1048576K
}
Event: 6099.734 GC heap before
{Heap before GC invocations=230 (full 10):
 garbage-first heap   total 524288K, used 171712K [0x0000000701800000, 0x0000000800000000)
  region size 2048K, 40 young (81920K), 2 survivors (4096K)
 Metaspace       used 105364K, committed 106496K, reserved 1179648K
  class space    used 15559K, committed 16000K, reserved 1048576K
}
Event: 6099.737 GC heap after
{Heap after GC invocations=231 (full 10):
 garbage-first heap   total 524288K, used 93946K [0x0000000701800000, 0x0000000800000000)
  region size 2048K, 2 young (4096K), 2 survivors (4096K)
 Metaspace       used 105364K, committed 106496K, reserved 1179648K
  class space    used 15559K, committed 16000K, reserved 1048576K
}
Event: 6112.158 GC heap before
{Heap before GC invocations=231 (full 10):
 garbage-first heap   total 524288K, used 169722K [0x0000000701800000, 0x0000000800000000)
  region size 2048K, 40 young (81920K), 2 survivors (4096K)
 Metaspace       used 105392K, committed 106496K, reserved 1179648K
  class space    used 15561K, committed 16000K, reserved 1048576K
}
Event: 6112.161 GC heap after
{Heap after GC invocations=232 (full 10):
 garbage-first heap   total 524288K, used 94056K [0x0000000701800000, 0x0000000800000000)
  region size 2048K, 2 young (4096K), 2 survivors (4096K)
 Metaspace       used 105392K, committed 106496K, reserved 1179648K
  class space    used 15561K, committed 16000K, reserved 1048576K
}
Event: 6133.580 GC heap before
{Heap before GC invocations=232 (full 10):
 garbage-first heap   total 524288K, used 171880K [0x0000000701800000, 0x0000000800000000)
  region size 2048K, 40 young (81920K), 2 survivors (4096K)
 Metaspace       used 105395K, committed 106496K, reserved 1179648K
  class space    used 15561K, committed 16000K, reserved 1048576K
}
Event: 6133.586 GC heap after
{Heap after GC invocations=233 (full 10):
 garbage-first heap   total 524288K, used 93885K [0x0000000701800000, 0x0000000800000000)
  region size 2048K, 2 young (4096K), 2 survivors (4096K)
 Metaspace       used 105395K, committed 106496K, reserved 1179648K
  class space    used 15561K, committed 16000K, reserved 1048576K
}
Event: 6147.512 GC heap before
{Heap before GC invocations=233 (full 10):
 garbage-first heap   total 524288K, used 171709K [0x0000000701800000, 0x0000000800000000)
  region size 2048K, 40 young (81920K), 2 survivors (4096K)
 Metaspace       used 105399K, committed 106496K, reserved 1179648K
  class space    used 15561K, committed 16000K, reserved 1048576K
}
Event: 6147.514 GC heap after
{Heap after GC invocations=234 (full 10):
 garbage-first heap   total 524288K, used 94204K [0x0000000701800000, 0x0000000800000000)
  region size 2048K, 2 young (4096K), 2 survivors (4096K)
 Metaspace       used 105399K, committed 106496K, reserved 1179648K
  class space    used 15561K, committed 16000K, reserved 1048576K
}
Event: 6157.231 GC heap before
{Heap before GC invocations=234 (full 10):
 garbage-first heap   total 524288K, used 172028K [0x0000000701800000, 0x0000000800000000)
  region size 2048K, 40 young (81920K), 2 survivors (4096K)
 Metaspace       used 105401K, committed 106496K, reserved 1179648K
  class space    used 15561K, committed 16000K, reserved 1048576K
}
Event: 6157.233 GC heap after
{Heap after GC invocations=235 (full 10):
 garbage-first heap   total 524288K, used 94084K [0x0000000701800000, 0x0000000800000000)
  region size 2048K, 2 young (4096K), 2 survivors (4096K)
 Metaspace       used 105401K, committed 106496K, reserved 1179648K
  class space    used 15561K, committed 16000K, reserved 1048576K
}
Event: 6162.444 GC heap before
{Heap before GC invocations=235 (full 10):
 garbage-first heap   total 524288K, used 171908K [0x0000000701800000, 0x0000000800000000)
  region size 2048K, 40 young (81920K), 2 survivors (4096K)
 Metaspace       used 105445K, committed 106496K, reserved 1179648K
  class space    used 15562K, committed 16000K, reserved 1048576K
}
Event: 6162.446 GC heap after
{Heap after GC invocations=236 (full 10):
 garbage-first heap   total 524288K, used 94043K [0x0000000701800000, 0x0000000800000000)
  region size 2048K, 2 young (4096K), 2 survivors (4096K)
 Metaspace       used 105445K, committed 106496K, reserved 1179648K
  class space    used 15562K, committed 16000K, reserved 1048576K
}
Event: 6167.223 GC heap before
{Heap before GC invocations=236 (full 10):
 garbage-first heap   total 524288K, used 171867K [0x0000000701800000, 0x0000000800000000)
  region size 2048K, 40 young (81920K), 2 survivors (4096K)
 Metaspace       used 105446K, committed 106496K, reserved 1179648K
  class space    used 15562K, committed 16000K, reserved 1048576K
}
Event: 6167.225 GC heap after
{Heap after GC invocations=237 (full 10):
 garbage-first heap   total 524288K, used 94081K [0x0000000701800000, 0x0000000800000000)
  region size 2048K, 2 young (4096K), 2 survivors (4096K)
 Metaspace       used 105446K, committed 106496K, reserved 1179648K
  class space    used 15562K, committed 16000K, reserved 1048576K
}
Event: 6222.433 GC heap before
{Heap before GC invocations=237 (full 10):
 garbage-first heap   total 524288K, used 171905K [0x0000000701800000, 0x0000000800000000)
  region size 2048K, 40 young (81920K), 2 survivors (4096K)
 Metaspace       used 105475K, committed 106560K, reserved 1179648K
  class space    used 15562K, committed 16000K, reserved 1048576K
}
Event: 6222.436 GC heap after
{Heap after GC invocations=238 (full 10):
 garbage-first heap   total 524288K, used 94263K [0x0000000701800000, 0x0000000800000000)
  region size 2048K, 2 young (4096K), 2 survivors (4096K)
 Metaspace       used 105475K, committed 106560K, reserved 1179648K
  class space    used 15562K, committed 16000K, reserved 1048576K
}
Event: 6244.020 GC heap before
{Heap before GC invocations=238 (full 10):
 garbage-first heap   total 524288K, used 172087K [0x0000000701800000, 0x0000000800000000)
  region size 2048K, 40 young (81920K), 2 survivors (4096K)
 Metaspace       used 105475K, committed 106560K, reserved 1179648K
  class space    used 15562K, committed 16000K, reserved 1048576K
}
Event: 6244.028 GC heap after
{Heap after GC invocations=239 (full 10):
 garbage-first heap   total 524288K, used 94119K [0x0000000701800000, 0x0000000800000000)
  region size 2048K, 1 young (2048K), 1 survivors (2048K)
 Metaspace       used 105475K, committed 106560K, reserved 1179648K
  class space    used 15562K, committed 16000K, reserved 1048576K
}

