# JRE version: OpenJDK Runtime Environment Temurin-17.0.7+7 (17.0.7+7) (build 17.0.7+7)
# Java VM: OpenJDK 64-Bit Server VM Temurin-17.0.7+7 (17.0.7+7, mixed mode, sharing, tiered, compressed oops, compressed class ptrs, g1 gc, windows-amd64)
GC Precious Log:
 CPUs: 12 total, 12 available
 Memory: 32541M
 Large Page Support: Disabled
 NUMA Support: Disabled
 Compressed Oops: Enabled (Zero based)
 Heap Region Size: 2M
 Heap Min Capacity: 512M
 Heap Initial Capacity: 512M
 Heap Max Capacity: 4072M
 Pre-touch: Disabled
 Parallel Workers: 10
 Concurrent Workers: 3
 Concurrent Refinement Workers: 10
 Periodic GC: Disabled
 String Deduplication is enabled
Heap:
 garbage-first heap   total 524288K, used 172206K [0x0000000701800000, 0x0000000800000000)
  region size 2048K, 40 young (81920K), 2 survivors (4096K)
 Metaspace       used 82533K, committed 83328K, reserved 1179648K
  class space    used 11525K, committed 11904K, reserved 1048576K
GC Heap History (20 events):
Event: 178.827 GC heap before
{Heap before GC invocations=29 (full 1):
 garbage-first heap   total 524288K, used 143259K [0x0000000701800000, 0x0000000800000000)
  region size 2048K, 25 young (51200K), 4 survivors (8192K)
 Metaspace       used 81727K, committed 82368K, reserved 1179648K
  class space    used 11473K, committed 11776K, reserved 1048576K
}
Event: 178.876 GC heap after
{Heap after GC invocations=30 (full 2):
 garbage-first heap   total 524288K, used 93216K [0x0000000701800000, 0x0000000800000000)
  region size 2048K, 0 young (0K), 0 survivors (0K)
 Metaspace       used 81727K, committed 82368K, reserved 1179648K
  class space    used 11473K, committed 11776K, reserved 1048576K
}
Event: 277.269 GC heap before
{Heap before GC invocations=30 (full 2):
 garbage-first heap   total 524288K, used 175136K [0x0000000701800000, 0x0000000800000000)
  region size 2048K, 40 young (81920K), 0 survivors (0K)
 Metaspace       used 81884K, committed 82560K, reserved 1179648K
  class space    used 11491K, committed 11840K, reserved 1048576K
}
Event: 277.271 GC heap after
{Heap after GC invocations=31 (full 2):
 garbage-first heap   total 524288K, used 94515K [0x0000000701800000, 0x0000000800000000)
  region size 2048K, 1 young (2048K), 1 survivors (2048K)
 Metaspace       used 81884K, committed 82560K, reserved 1179648K
  class space    used 11491K, committed 11840K, reserved 1048576K
}
Event: 291.954 GC heap before
{Heap before GC invocations=31 (full 2):
 garbage-first heap   total 524288K, used 174387K [0x0000000701800000, 0x0000000800000000)
  region size 2048K, 40 young (81920K), 1 survivors (2048K)
 Metaspace       used 81935K, committed 82624K, reserved 1179648K
  class space    used 11492K, committed 11840K, reserved 1048576K
}
Event: 291.956 GC heap after
{Heap after GC invocations=32 (full 2):
 garbage-first heap   total 524288K, used 94481K [0x0000000701800000, 0x0000000800000000)
  region size 2048K, 1 young (2048K), 1 survivors (2048K)
 Metaspace       used 81935K, committed 82624K, reserved 1179648K
  class space    used 11492K, committed 11840K, reserved 1048576K
}
Event: 301.332 GC heap before
{Heap before GC invocations=32 (full 2):
 garbage-first heap   total 524288K, used 174353K [0x0000000701800000, 0x0000000800000000)
  region size 2048K, 40 young (81920K), 1 survivors (2048K)
 Metaspace       used 82064K, committed 82752K, reserved 1179648K
  class space    used 11492K, committed 11840K, reserved 1048576K
}
Event: 301.335 GC heap after
{Heap after GC invocations=33 (full 2):
 garbage-first heap   total 524288K, used 96124K [0x0000000701800000, 0x0000000800000000)
  region size 2048K, 2 young (4096K), 2 survivors (4096K)
 Metaspace       used 82064K, committed 82752K, reserved 1179648K
  class space    used 11492K, committed 11840K, reserved 1048576K
}
Event: 303.407 GC heap before
{Heap before GC invocations=33 (full 2):
 garbage-first heap   total 524288K, used 173948K [0x0000000701800000, 0x0000000800000000)
  region size 2048K, 40 young (81920K), 2 survivors (4096K)
 Metaspace       used 82181K, committed 82880K, reserved 1179648K
  class space    used 11492K, committed 11840K, reserved 1048576K
}
Event: 303.409 GC heap after
{Heap after GC invocations=34 (full 2):
 garbage-first heap   total 524288K, used 95264K [0x0000000701800000, 0x0000000800000000)
  region size 2048K, 1 young (2048K), 1 survivors (2048K)
 Metaspace       used 82181K, committed 82880K, reserved 1179648K
  class space    used 11492K, committed 11840K, reserved 1048576K
}
Event: 306.382 GC heap before
{Heap before GC invocations=34 (full 2):
 garbage-first heap   total 524288K, used 175136K [0x0000000701800000, 0x0000000800000000)
  region size 2048K, 40 young (81920K), 1 survivors (2048K)
 Metaspace       used 82243K, committed 82944K, reserved 1179648K
  class space    used 11493K, committed 11840K, reserved 1048576K
}
Event: 306.385 GC heap after
{Heap after GC invocations=35 (full 2):
 garbage-first heap   total 524288K, used 95773K [0x0000000701800000, 0x0000000800000000)
  region size 2048K, 2 young (4096K), 2 survivors (4096K)
 Metaspace       used 82243K, committed 82944K, reserved 1179648K
  class space    used 11493K, committed 11840K, reserved 1048576K
}
Event: 375.399 GC heap before
{Heap before GC invocations=35 (full 2):
 garbage-first heap   total 524288K, used 173597K [0x0000000701800000, 0x0000000800000000)
  region size 2048K, 40 young (81920K), 2 survivors (4096K)
 Metaspace       used 82386K, committed 83136K, reserved 1179648K
  class space    used 11520K, committed 11904K, reserved 1048576K
}
Event: 375.402 GC heap after
{Heap after GC invocations=36 (full 2):
 garbage-first heap   total 524288K, used 95764K [0x0000000701800000, 0x0000000800000000)
  region size 2048K, 2 young (4096K), 2 survivors (4096K)
 Metaspace       used 82386K, committed 83136K, reserved 1179648K
  class space    used 11520K, committed 11904K, reserved 1048576K
}
Event: 452.370 GC heap before
{Heap before GC invocations=36 (full 2):
 garbage-first heap   total 524288K, used 173588K [0x0000000701800000, 0x0000000800000000)
  region size 2048K, 40 young (81920K), 2 survivors (4096K)
 Metaspace       used 82394K, committed 83136K, reserved 1179648K
  class space    used 11520K, committed 11904K, reserved 1048576K
}
Event: 452.373 GC heap after
{Heap after GC invocations=37 (full 2):
 garbage-first heap   total 524288K, used 95767K [0x0000000701800000, 0x0000000800000000)
  region size 2048K, 2 young (4096K), 2 survivors (4096K)
 Metaspace       used 82394K, committed 83136K, reserved 1179648K
  class space    used 11520K, committed 11904K, reserved 1048576K
}
Event: 453.238 GC heap before
{Heap before GC invocations=37 (full 2):
 garbage-first heap   total 524288K, used 173591K [0x0000000701800000, 0x0000000800000000)
  region size 2048K, 40 young (81920K), 2 survivors (4096K)
 Metaspace       used 82397K, committed 83136K, reserved 1179648K
  class space    used 11520K, committed 11904K, reserved 1048576K
}
Event: 453.239 GC heap after
{Heap after GC invocations=38 (full 2):
 garbage-first heap   total 524288K, used 95680K [0x0000000701800000, 0x0000000800000000)
  region size 2048K, 2 young (4096K), 2 survivors (4096K)
 Metaspace       used 82397K, committed 83136K, reserved 1179648K
  class space    used 11520K, committed 11904K, reserved 1048576K
}
Event: 470.137 GC heap before
{Heap before GC invocations=38 (full 2):
 garbage-first heap   total 524288K, used 173504K [0x0000000701800000, 0x0000000800000000)
  region size 2048K, 40 young (81920K), 2 survivors (4096K)
 Metaspace       used 82426K, committed 83136K, reserved 1179648K
  class space    used 11520K, committed 11904K, reserved 1048576K
}
Event: 470.140 GC heap after
{Heap after GC invocations=39 (full 2):
 garbage-first heap   total 524288K, used 96430K [0x0000000701800000, 0x0000000800000000)
  region size 2048K, 2 young (4096K), 2 survivors (4096K)
 Metaspace       used 82426K, committed 83136K, reserved 1179648K
  class space    used 11520K, committed 11904K, reserved 1048576K
}

